1608339885698	geckodriver	INFO	Listening on 127.0.0.1:46367
1608339885711	mozrunner::runner	INFO	Running command: "/usr/bin/firefox" "--marionette" "-foreground" "-no-remote" "-profile" "/tmp/rust_mozprofile0HzDaI"
console.warn: SearchSettings: "get: No settings file exists, new profile?" (new Error("", "(unknown module)"))
1608339889673	Marionette	INFO	Listening on port 41679
1608339889744	Marionette	WARN	TLS certificate errors will be ignored for this session
1608339895484	Marionette	INFO	Stopped listening on port 41679
1608339905761	geckodriver	INFO	Listening on 127.0.0.1:40141
1608339905764	mozrunner::runner	INFO	Running command: "/usr/bin/firefox" "--marionette" "-foreground" "-no-remote" "-profile" "/tmp/rust_mozprofiles563WW"
console.warn: SearchSettings: "get: No settings file exists, new profile?" (new Error("", "(unknown module)"))
1608339909746	Marionette	INFO	Listening on port 34021
1608339909804	Marionette	WARN	TLS certificate errors will be ignored for this session
1608339909807	Marionette	INFO	Proxy settings initialised: {"proxyType":"manual","ftpProxy":"127.0.0.1:8080","httpProxy":"127.0.0.1:8080","sslProxy":"127.0.0.1:8080"}
1608339924096	Marionette	INFO	Stopped listening on port 34021
1608340215163	geckodriver	INFO	Listening on 127.0.0.1:50963
1608340215166	mozrunner::runner	INFO	Running command: "/usr/bin/firefox" "--marionette" "-foreground" "-no-remote" "-profile" "/tmp/rust_mozprofileeEqn6s"
console.warn: SearchSettings: "get: No settings file exists, new profile?" (new Error("", "(unknown module)"))
1608340218687	Marionette	INFO	Listening on port 36287
1608340218799	Marionette	WARN	TLS certificate errors will be ignored for this session
1608340218802	Marionette	INFO	Proxy settings initialised: {"proxyType":"manual","ftpProxy":"127.0.0.1:8080","httpProxy":"127.0.0.1:8080","sslProxy":"127.0.0.1:8080"}
1608340226552	Marionette	INFO	Stopped listening on port 36287

###!!! [Parent][RunMessage] Error: Channel closing: too late to send/recv, messages will be lost

1608340234330	geckodriver	INFO	Listening on 127.0.0.1:49793
1608340234334	mozrunner::runner	INFO	Running command: "/usr/bin/firefox" "--marionette" "-foreground" "-no-remote" "-profile" "/tmp/rust_mozprofileYExGKU"
console.warn: SearchSettings: "get: No settings file exists, new profile?" (new Error("", "(unknown module)"))
1608340238232	Marionette	INFO	Listening on port 41161
1608340238272	Marionette	WARN	TLS certificate errors will be ignored for this session
1608340241074	Marionette	INFO	Stopped listening on port 41161

###!!! [Parent][RunMessage] Error: Channel closing: too late to send/recv, messages will be lost

1608340251860	geckodriver	INFO	Listening on 127.0.0.1:59855
1608340251864	mozrunner::runner	INFO	Running command: "/usr/bin/firefox" "--marionette" "-foreground" "-no-remote" "-profile" "/tmp/rust_mozprofilejjwjkn"
console.warn: SearchSettings: "get: No settings file exists, new profile?" (new Error("", "(unknown module)"))
1608340255462	Marionette	INFO	Listening on port 45201
1608340255500	Marionette	WARN	TLS certificate errors will be ignored for this session
1608340255503	Marionette	INFO	Proxy settings initialised: {"proxyType":"manual","ftpProxy":"127.0.0.1:8080","httpProxy":"127.0.0.1:8080","sslProxy":"127.0.0.1:8080"}
1608340259133	Marionette	INFO	Stopped listening on port 45201
1608340265901	geckodriver	INFO	Listening on 127.0.0.1:37557
1608340265908	mozrunner::runner	INFO	Running command: "/usr/bin/firefox" "--marionette" "-foreground" "-no-remote" "-profile" "/tmp/rust_mozprofileqp40hz"
console.warn: SearchSettings: "get: No settings file exists, new profile?" (new Error("", "(unknown module)"))
1608340269897	Marionette	INFO	Listening on port 46367
1608340269943	Marionette	WARN	TLS certificate errors will be ignored for this session
1608340269946	Marionette	INFO	Proxy settings initialised: {"proxyType":"manual","ftpProxy":"127.0.0.1:8080","httpProxy":"127.0.0.1:8080","sslProxy":"127.0.0.1:8080"}
1608340272930	Marionette	INFO	Stopped listening on port 46367

###!!! [Parent][RunMessage] Error: Channel closing: too late to send/recv, messages will be lost

1608340541850	geckodriver	INFO	Listening on 127.0.0.1:36777
1608340541854	mozrunner::runner	INFO	Running command: "/usr/bin/firefox" "--marionette" "-foreground" "-no-remote" "-profile" "/tmp/rust_mozprofile6sTRIe"
console.warn: SearchSettings: "get: No settings file exists, new profile?" (new Error("", "(unknown module)"))
1608340545799	Marionette	INFO	Listening on port 35687
1608340545892	Marionette	WARN	TLS certificate errors will be ignored for this session
1608340559527	Marionette	INFO	Stopped listening on port 35687
JavaScript error: https://s.pximg.net/www/js/build/vendors~pixiv~spa~stacc3.773a57d89d4dd8b7afd3.js, line 3873: NS_ERROR_NOT_INITIALIZED: 
JavaScript error: resource:///modules/FaviconLoader.jsm, line 596: InvalidStateError: JSWindowActorChild.sendAsyncMessage: JSWindowActorChild cannot send at the moment
JavaScript error: resource:///modules/FaviconLoader.jsm, line 596: InvalidStateError: JSWindowActorChild.sendAsyncMessage: JSWindowActorChild cannot send at the moment

###!!! [Parent][RunMessage] Error: Channel closing: too late to send/recv, messages will be lost

1608340585749	geckodriver	INFO	Listening on 127.0.0.1:38953
1608340585753	mozrunner::runner	INFO	Running command: "/usr/bin/firefox" "--marionette" "-foreground" "-no-remote" "-profile" "/tmp/rust_mozprofileTAOLVR"
console.warn: SearchSettings: "get: No settings file exists, new profile?" (new Error("", "(unknown module)"))
1608340589147	Marionette	INFO	Listening on port 37257
1608340589188	Marionette	WARN	TLS certificate errors will be ignored for this session
1608340589190	Marionette	INFO	Proxy settings initialised: {"proxyType":"manual","ftpProxy":"127.0.0.1:8080","httpProxy":"127.0.0.1:8080","sslProxy":"127.0.0.1:8080"}
JavaScript error: https://s.pximg.net/www/js/build/runtime.5b7373af587973f8afbb.js, line 21: ChunkLoadError: Loading chunk 33 failed.
(error: https://s.pximg.net/www/js/build/ja.1.df878ae0245c5b1f6178.js)
JavaScript error: https://s.pximg.net/www/js/build/runtime.5b7373af587973f8afbb.js, line 21: ChunkLoadError: Loading chunk 33 failed.
(error: https://s.pximg.net/www/js/build/ja.1.df878ae0245c5b1f6178.js)
1608340637405	Marionette	INFO	Stopped listening on port 37257

###!!! [Parent][RunMessage] Error: Channel closing: too late to send/recv, messages will be lost

1608340822035	geckodriver	INFO	Listening on 127.0.0.1:46779
1608340822039	mozrunner::runner	INFO	Running command: "/usr/bin/firefox" "--marionette" "-foreground" "-no-remote" "-profile" "/tmp/rust_mozprofileFOTjdn"
console.warn: SearchSettings: "get: No settings file exists, new profile?" (new Error("", "(unknown module)"))
1608340825848	Marionette	INFO	Listening on port 38873
1608340825970	Marionette	WARN	TLS certificate errors will be ignored for this session
JavaScript warning: https://www.googletagmanager.com/gtm.js?id=GTM-P528B3&gtm_auth=tfAzqo1rYDLgYhmTnSjPqw&gtm_preview=env-130&gtm_cookies_win=x, line 1: unreachable code after return statement
JavaScript warning: https://www.googletagmanager.com/gtm.js?id=GTM-P528B3&gtm_auth=tfAzqo1rYDLgYhmTnSjPqw&gtm_preview=env-130&gtm_cookies_win=x, line 1: unreachable code after return statement
JavaScript warning: https://dd.nytimes.com/tags.js, line 2: unreachable code after return statement
JavaScript warning: https://dd.nytimes.com/tags.js, line 2: unreachable code after return statement
JavaScript warning: https://www.googletagmanager.com/gtm.js?id=GTM-P528B3&gtm_auth=tfAzqo1rYDLgYhmTnSjPqw&gtm_preview=env-130&gtm_cookies_win=x, line 1: unreachable code after return statement
JavaScript warning: https://www.googletagmanager.com/gtm.js?id=GTM-P528B3&gtm_auth=tfAzqo1rYDLgYhmTnSjPqw&gtm_preview=env-130&gtm_cookies_win=x, line 1: unreachable code after return statement
JavaScript warning: https://www.googletagmanager.com/gtm.js?id=GTM-P528B3&gtm_auth=tfAzqo1rYDLgYhmTnSjPqw&gtm_preview=env-130&gtm_cookies_win=x, line 1: unreachable code after return statement
JavaScript warning: https://www.googletagmanager.com/gtm.js?id=GTM-P528B3&gtm_auth=tfAzqo1rYDLgYhmTnSjPqw&gtm_preview=env-130&gtm_cookies_win=x, line 1: unreachable code after return statement
1608340858968	Marionette	INFO	Stopped listening on port 38873

###!!! [Parent][RunMessage] Error: Channel closing: too late to send/recv, messages will be lost

1608340861137	geckodriver	INFO	Listening on 127.0.0.1:47265
1608340861145	mozrunner::runner	INFO	Running command: "/usr/bin/firefox" "--marionette" "-foreground" "-no-remote" "-profile" "/tmp/rust_mozprofileoeaUmG"
console.warn: SearchSettings: "get: No settings file exists, new profile?" (new Error("", "(unknown module)"))
1608340865131	Marionette	INFO	Listening on port 36561
1608340865182	Marionette	WARN	TLS certificate errors will be ignored for this session
JavaScript warning: https://js.datadome.co/tags.js, line 2: unreachable code after return statement
JavaScript warning: https://js.datadome.co/tags.js, line 2: unreachable code after return statement
JavaScript warning: https://js.datadome.co/tags.js, line 2: unreachable code after return statement
JavaScript warning: https://js.datadome.co/tags.js, line 2: unreachable code after return statement
JavaScript warning: https://js.datadome.co/tags.js, line 2: unreachable code after return statement
JavaScript warning: https://js.datadome.co/tags.js, line 2: unreachable code after return statement
JavaScript warning: https://js.datadome.co/tags.js, line 2: unreachable code after return statement
JavaScript warning: https://js.datadome.co/tags.js, line 2: unreachable code after return statement
JavaScript error: , line 0: NotFoundError: No such JSWindowActor 'MarionetteEvents'
JavaScript warning: https://js.datadome.co/tags.js, line 2: unreachable code after return statement
JavaScript warning: https://js.datadome.co/tags.js, line 2: unreachable code after return statement
1608340869747	Marionette	INFO	Stopped listening on port 36561
1608340955995	geckodriver	INFO	Listening on 127.0.0.1:42045
1608340955998	mozrunner::runner	INFO	Running command: "/usr/bin/firefox" "--marionette" "-foreground" "-no-remote" "-profile" "/tmp/rust_mozprofileIAUuTK"
console.warn: SearchSettings: "get: No settings file exists, new profile?" (new Error("", "(unknown module)"))
1608340960044	Marionette	INFO	Listening on port 38581
1608340960129	Marionette	WARN	TLS certificate errors will be ignored for this session
1608340967290	Marionette	INFO	Stopped listening on port 38581

###!!! [Parent][RunMessage] Error: Channel closing: too late to send/recv, messages will be lost

1608340995913	geckodriver	INFO	Listening on 127.0.0.1:59719
1608340995921	mozrunner::runner	INFO	Running command: "/usr/bin/firefox" "--marionette" "-foreground" "-no-remote" "-profile" "/tmp/rust_mozprofileRaEube"
console.warn: SearchSettings: "get: No settings file exists, new profile?" (new Error("", "(unknown module)"))
1608340999875	Marionette	INFO	Listening on port 42965
1608340999953	Marionette	WARN	TLS certificate errors will be ignored for this session
1608341007165	Marionette	INFO	Stopped listening on port 42965
1608341012834	geckodriver	INFO	Listening on 127.0.0.1:36919
1608341012842	mozrunner::runner	INFO	Running command: "/usr/bin/firefox" "--marionette" "-foreground" "-no-remote" "-profile" "/tmp/rust_mozprofileayurOc"
console.warn: SearchSettings: "get: No settings file exists, new profile?" (new Error("", "(unknown module)"))
1608341016609	Marionette	INFO	Listening on port 43737
1608341016672	Marionette	WARN	TLS certificate errors will be ignored for this session
1608341016675	Marionette	INFO	Proxy settings initialised: {"proxyType":"manual","ftpProxy":"127.0.0.1:8080","httpProxy":"127.0.0.1:8080","sslProxy":"127.0.0.1:8080"}
JavaScript error: https://a0.awsstatic.com/libra/1.0.367/libra-head.js, line 17: Error: Script error for: libra/libra-bundle
http://requirejs.org/docs/errors.html#scripterror
JavaScript error: https://a0.awsstatic.com/libra/1.0.367/libra-head.js, line 17: Error: Script error for: libra/libra-bundle
http://requirejs.org/docs/errors.html#scripterror
JavaScript error: https://a0.awsstatic.com/libra/1.0.367/libra-head.js, line 17: Error: Script error for: libra/vendor/owl.carousel
http://requirejs.org/docs/errors.html#scripterror
JavaScript error: https://a0.awsstatic.com/libra/1.0.367/libra-head.js, line 17: Error: Script error for: libra/vendor/owl.carousel
http://requirejs.org/docs/errors.html#scripterror
1608341028906	Marionette	INFO	Stopped listening on port 43737
1608341111136	geckodriver	INFO	Listening on 127.0.0.1:57443
1608341111148	mozrunner::runner	INFO	Running command: "/usr/bin/firefox" "--marionette" "-foreground" "-no-remote" "-profile" "/tmp/rust_mozprofileX1TBM4"
console.warn: SearchSettings: "get: No settings file exists, new profile?" (new Error("", "(unknown module)"))
1608341114666	Marionette	INFO	Listening on port 34899
1608341114777	Marionette	WARN	TLS certificate errors will be ignored for this session
1608341121752	Marionette	INFO	Stopped listening on port 34899

###!!! [Child][RunMessage] Error: Channel closing: too late to send/recv, messages will be lost


###!!! [Parent][RunMessage] Error: Channel closing: too late to send/recv, messages will be lost

1608341142323	geckodriver	INFO	Listening on 127.0.0.1:36635
1608341142326	mozrunner::runner	INFO	Running command: "/usr/bin/firefox" "--marionette" "-foreground" "-no-remote" "-profile" "/tmp/rust_mozprofile7Wbp3S"
console.warn: SearchSettings: "get: No settings file exists, new profile?" (new Error("", "(unknown module)"))
1608341145853	Marionette	INFO	Listening on port 39153
1608341145954	Marionette	WARN	TLS certificate errors will be ignored for this session
JavaScript error: https://s.go-mpulse.net/boomerang/T79A9-GDDN2-93ZD5-M6HUR-X83QX, line 10: NS_ERROR_NOT_INITIALIZED: 
JavaScript error: , line 0: NotFoundError: No such JSWindowActor 'MarionetteEvents'
1608341148011	Marionette	INFO	Stopped listening on port 39153
JavaScript error: resource://gre/modules/UrlClassifierListManager.jsm, line 691: TypeError: this.tablesData[table] is undefined
JavaScript error: resource://activity-stream/lib/ASRouter.jsm, line 987: NS_ERROR_ILLEGAL_VALUE: Component returned failure code: 0x80070057 (NS_ERROR_ILLEGAL_VALUE) [nsIObserverService.removeObserver]
console.warn: SearchService: "_init: abandoning init due to shutting down"
JavaScript error: , line 0: uncaught exception: 2147500036
JavaScript error: , line 0: uncaught exception: 2147500036
JavaScript error: , line 0: uncaught exception: 2147500036
JavaScript error: , line 0: uncaught exception: 2147500036
JavaScript error: , line 0: uncaught exception: 2147500036
JavaScript error: , line 0: uncaught exception: 2147500036
JavaScript error: , line 0: uncaught exception: 2147500036
JavaScript error: , line 0: uncaught exception: 2147500036
JavaScript error: , line 0: uncaught exception: 2147500036
JavaScript error: , line 0: uncaught exception: 2147500036
JavaScript error: , line 0: uncaught exception: 2147500036
JavaScript error: , line 0: uncaught exception: 2147500036
JavaScript error: , line 0: uncaught exception: 2147500036
JavaScript error: , line 0: uncaught exception: 2147500036
JavaScript error: , line 0: uncaught exception: 2147500036
JavaScript error: , line 0: uncaught exception: 2147500036
JavaScript error: , line 0: uncaught exception: 2147500036
JavaScript error: , line 0: uncaught exception: 2147500036
JavaScript error: , line 0: uncaught exception: 2147500036
JavaScript error: , line 0: uncaught exception: 2147500036
JavaScript error: , line 0: uncaught exception: 2147500036
JavaScript error: , line 0: uncaught exception: 2147500036
JavaScript error: , line 0: uncaught exception: 2147500036
JavaScript error: , line 0: uncaught exception: 2147500036
JavaScript error: , line 0: uncaught exception: 2147500036
JavaScript error: , line 0: uncaught exception: 2147500036
JavaScript error: , line 0: uncaught exception: 2147500036
JavaScript error: , line 0: uncaught exception: 2147500036
JavaScript error: , line 0: uncaught exception: 2147500036
JavaScript error: , line 0: uncaught exception: 2147500036
JavaScript error: , line 0: uncaught exception: 2147500036
JavaScript error: , line 0: uncaught exception: 2147500036
JavaScript error: , line 0: uncaught exception: 2147500036
JavaScript error: , line 0: uncaught exception: 2147500036
JavaScript error: , line 0: uncaught exception: 2147500036
JavaScript error: , line 0: uncaught exception: 2147500036
JavaScript error: , line 0: uncaught exception: 2147500036
JavaScript error: , line 0: uncaught exception: 2147500036
JavaScript error: , line 0: uncaught exception: 2147500036
JavaScript error: , line 0: uncaught exception: 2147500036
JavaScript error: , line 0: uncaught exception: 2147500036

###!!! [Parent][RunMessage] Error: Channel closing: too late to send/recv, messages will be lost

JavaScript error: resource:///modules/EveryWindow.jsm, line 37: NS_ERROR_UNEXPECTED: Component returned failure code: 0x8000ffff (NS_ERROR_UNEXPECTED) [nsIWindowMediator.getEnumerator]
1608341189273	geckodriver	INFO	Listening on 127.0.0.1:34287
1608341189277	mozrunner::runner	INFO	Running command: "/usr/bin/firefox" "--marionette" "-foreground" "-no-remote" "-profile" "/tmp/rust_mozprofilepY8jcm"
console.warn: SearchSettings: "get: No settings file exists, new profile?" (new Error("", "(unknown module)"))
1608341193114	Marionette	INFO	Listening on port 33269
1608341193212	Marionette	WARN	TLS certificate errors will be ignored for this session
JavaScript error: https://s.go-mpulse.net/boomerang/T79A9-GDDN2-93ZD5-M6HUR-X83QX, line 10: NS_ERROR_NOT_INITIALIZED: 
1608341195221	Marionette	INFO	Stopped listening on port 33269
JavaScript error: https://s.go-mpulse.net/boomerang/T79A9-GDDN2-93ZD5-M6HUR-X83QX, line 10: NS_ERROR_NOT_INITIALIZED: 
JavaScript error: resource://activity-stream/lib/ASRouter.jsm, line 987: NS_ERROR_ILLEGAL_VALUE: Component returned failure code: 0x80070057 (NS_ERROR_ILLEGAL_VALUE) [nsIObserverService.removeObserver]

###!!! [Parent][RunMessage] Error: Channel closing: too late to send/recv, messages will be lost

1608341211620	geckodriver	INFO	Listening on 127.0.0.1:40259
1608341211626	mozrunner::runner	INFO	Running command: "/usr/bin/firefox" "--marionette" "-foreground" "-no-remote" "-profile" "/tmp/rust_mozprofileaUFt6c"
console.warn: SearchSettings: "get: No settings file exists, new profile?" (new Error("", "(unknown module)"))
1608341215421	Marionette	INFO	Listening on port 35273
1608341215462	Marionette	WARN	TLS certificate errors will be ignored for this session
1608341215465	Marionette	INFO	Proxy settings initialised: {"proxyType":"manual","ftpProxy":"127.0.0.1:8080","httpProxy":"127.0.0.1:8080","sslProxy":"127.0.0.1:8080"}
JavaScript error: https://static.oracle.com/cdn/cec/v20.4.3.19/_sitesclouddelivery/renderer/controller.js, line 1: uncaught exception: Invalid response received while fetching page data.
1608341230160	Marionette	INFO	Stopped listening on port 35273
JavaScript error: resource://activity-stream/lib/ASRouter.jsm, line 987: NS_ERROR_ILLEGAL_VALUE: Component returned failure code: 0x80070057 (NS_ERROR_ILLEGAL_VALUE) [nsIObserverService.removeObserver]

###!!! [Parent][RunMessage] Error: Channel closing: too late to send/recv, messages will be lost

1608341291105	geckodriver	INFO	Listening on 127.0.0.1:41131
1608341291110	mozrunner::runner	INFO	Running command: "/usr/bin/firefox" "--marionette" "-foreground" "-no-remote" "-profile" "/tmp/rust_mozprofilesDdCsE"
console.warn: SearchSettings: "get: No settings file exists, new profile?" (new Error("", "(unknown module)"))
1608341295265	Marionette	INFO	Listening on port 36023
1608341295342	Marionette	WARN	TLS certificate errors will be ignored for this session
1608341300303	Marionette	INFO	Stopped listening on port 36023
1608341461347	geckodriver	INFO	Listening on 127.0.0.1:34087
1608341461352	mozrunner::runner	INFO	Running command: "/usr/bin/firefox" "--marionette" "-foreground" "-no-remote" "-profile" "/tmp/rust_mozprofileVXyDon"
console.warn: SearchSettings: "get: No settings file exists, new profile?" (new Error("", "(unknown module)"))
1608341465494	Marionette	INFO	Listening on port 43959
1608341465582	Marionette	WARN	TLS certificate errors will be ignored for this session
1608341467482	Marionette	INFO	Stopped listening on port 43959
JavaScript error: resource://activity-stream/lib/ASRouter.jsm, line 968: TypeError: this._storage is null
JavaScript error: resource://gre/modules/UrlClassifierListManager.jsm, line 691: TypeError: this.tablesData[table] is undefined
console.log: "RemoteSettingsWorker error: Error: Can't import when we've started shutting down."
console.log: "RemoteSettingsWorker error: Error: Can't import when we've started shutting down."
console.log: "RemoteSettingsWorker error: Error: Can't import when we've started shutting down."
console.log: "RemoteSettingsWorker error: Error: Can't import when we've started shutting down."
console.error: "Could not load engine google@search.mozilla.org: [Exception... \"AddonManager is not initialized\"  nsresult: \"0xc1f30001 (NS_ERROR_NOT_INITIALIZED)\"  location: \"JS frame :: resource://gre/modules/AddonManager.jsm :: installBuiltinAddon :: line 2550\"  data: no]"
console.error: "Could not load engine amazondotcom@search.mozilla.org: [Exception... \"AddonManager is not initialized\"  nsresult: \"0xc1f30001 (NS_ERROR_NOT_INITIALIZED)\"  location: \"JS frame :: resource://gre/modules/AddonManager.jsm :: installBuiltinAddon :: line 2550\"  data: no]"
console.error: "Could not load engine wikipedia@search.mozilla.org: [Exception... \"AddonManager is not initialized\"  nsresult: \"0xc1f30001 (NS_ERROR_NOT_INITIALIZED)\"  location: \"JS frame :: resource://gre/modules/AddonManager.jsm :: installBuiltinAddon :: line 2550\"  data: no]"
console.error: "Could not load engine bing@search.mozilla.org: [Exception... \"AddonManager is not initialized\"  nsresult: \"0xc1f30001 (NS_ERROR_NOT_INITIALIZED)\"  location: \"JS frame :: resource://gre/modules/AddonManager.jsm :: installBuiltinAddon :: line 2550\"  data: no]"
console.error: "Could not load engine ddg@search.mozilla.org: [Exception... \"AddonManager is not initialized\"  nsresult: \"0xc1f30001 (NS_ERROR_NOT_INITIALIZED)\"  location: \"JS frame :: resource://gre/modules/AddonManager.jsm :: installBuiltinAddon :: line 2550\"  data: no]"
console.warn: SearchService: "_init: abandoning init due to shutting down"
JavaScript error: resource://gre/modules/AsyncShutdown.jsm, line 573: uncaught exception: 2147500036
JavaScript error: resource://gre/modules/AsyncShutdown.jsm, line 573: uncaught exception: 2147500036
JavaScript error: resource://gre/modules/AsyncShutdown.jsm, line 573: uncaught exception: 2147500036
JavaScript error: resource://gre/modules/AsyncShutdown.jsm, line 573: uncaught exception: 2147500036
JavaScript error: resource://gre/modules/AsyncShutdown.jsm, line 573: uncaught exception: 2147500036
JavaScript error: resource://gre/modules/AsyncShutdown.jsm, line 573: uncaught exception: 2147500036
JavaScript error: resource://gre/modules/AsyncShutdown.jsm, line 573: uncaught exception: 2147500036

###!!! [Parent][RunMessage] Error: Channel closing: too late to send/recv, messages will be lost

JavaScript error: resource:///modules/EveryWindow.jsm, line 37: NS_ERROR_UNEXPECTED: Component returned failure code: 0x8000ffff (NS_ERROR_UNEXPECTED) [nsIWindowMediator.getEnumerator]
1608341498138	geckodriver	INFO	Listening on 127.0.0.1:38515
1608341498145	mozrunner::runner	INFO	Running command: "/usr/bin/firefox" "--marionette" "-foreground" "-no-remote" "-profile" "/tmp/rust_mozprofileMgQINj"
console.warn: SearchSettings: "get: No settings file exists, new profile?" (new Error("", "(unknown module)"))
1608341502406	Marionette	INFO	Listening on port 32777
1608341502480	Marionette	WARN	TLS certificate errors will be ignored for this session
1608341503926	geckodriver	INFO	Listening on 127.0.0.1:43275
1608341504929	mozrunner::runner	INFO	Running command: "/usr/bin/firefox" "--marionette" "-foreground" "-no-remote" "-profile" "/tmp/rust_mozprofileyGyNpF"
console.warn: SearchSettings: "get: No settings file exists, new profile?" (new Error("", "(unknown module)"))
1608341509368	Marionette	INFO	Listening on port 34263
1608341509464	Marionette	WARN	TLS certificate errors will be ignored for this session
1608341511020	geckodriver	INFO	Listening on 127.0.0.1:38473
1608341511025	mozrunner::runner	INFO	Running command: "/usr/bin/firefox" "--marionette" "-foreground" "-no-remote" "-profile" "/tmp/rust_mozprofilerRogKk"
console.warn: SearchSettings: "get: No settings file exists, new profile?" (new Error("", "(unknown module)"))
1608341516022	Marionette	INFO	Listening on port 38381
1608341516059	Marionette	WARN	TLS certificate errors will be ignored for this session
1608341517792	geckodriver	INFO	Listening on 127.0.0.1:33251
1608341517798	mozrunner::runner	INFO	Running command: "/usr/bin/firefox" "--marionette" "-foreground" "-no-remote" "-profile" "/tmp/rust_mozprofileAm3jYZ"
console.warn: SearchSettings: "get: No settings file exists, new profile?" (new Error("", "(unknown module)"))
1608341522910	Marionette	INFO	Listening on port 40099
1608341522940	Marionette	WARN	TLS certificate errors will be ignored for this session
JavaScript error: , line 0: NotFoundError: No such JSWindowActor 'MarionetteEvents'
1608341524574	geckodriver	INFO	Listening on 127.0.0.1:40903
1608341524582	mozrunner::runner	INFO	Running command: "/usr/bin/firefox" "--marionette" "-foreground" "-no-remote" "-profile" "/tmp/rust_mozprofileN1j1Ty"
console.warn: SearchSettings: "get: No settings file exists, new profile?" (new Error("", "(unknown module)"))
1608341529821	Marionette	INFO	Listening on port 38421
1608341529929	Marionette	WARN	TLS certificate errors will be ignored for this session
1608341531337	Marionette	INFO	Stopped listening on port 38421
JavaScript error: resource://activity-stream/lib/ASRouter.jsm, line 968: TypeError: this._storage is null
JavaScript error: resource://gre/modules/UrlClassifierListManager.jsm, line 691: TypeError: this.tablesData[table] is undefined

###!!! [Child][MessageChannel] Error: (msgtype=0x5C000A,name=PHttpChannel::Msg_DeletingChannel) Channel closing: too late to send/recv, messages will be lost

console.log: "RemoteSettingsWorker error: Error: Can't import when we've started shutting down."
console.log: "RemoteSettingsWorker error: Error: Can't import when we've started shutting down."
console.log: "RemoteSettingsWorker error: Error: Can't import when we've started shutting down."
console.log: "RemoteSettingsWorker error: Error: Can't import when we've started shutting down."
console.error: "Could not load engine google@search.mozilla.org: [Exception... \"AddonManager is not initialized\"  nsresult: \"0xc1f30001 (NS_ERROR_NOT_INITIALIZED)\"  location: \"JS frame :: resource://gre/modules/AddonManager.jsm :: installBuiltinAddon :: line 2550\"  data: no]"
console.error: "Could not load engine amazondotcom@search.mozilla.org: [Exception... \"AddonManager is not initialized\"  nsresult: \"0xc1f30001 (NS_ERROR_NOT_INITIALIZED)\"  location: \"JS frame :: resource://gre/modules/AddonManager.jsm :: installBuiltinAddon :: line 2550\"  data: no]"
console.error: "Could not load engine wikipedia@search.mozilla.org: [Exception... \"AddonManager is not initialized\"  nsresult: \"0xc1f30001 (NS_ERROR_NOT_INITIALIZED)\"  location: \"JS frame :: resource://gre/modules/AddonManager.jsm :: installBuiltinAddon :: line 2550\"  data: no]"
console.error: "Could not load engine bing@search.mozilla.org: [Exception... \"AddonManager is not initialized\"  nsresult: \"0xc1f30001 (NS_ERROR_NOT_INITIALIZED)\"  location: \"JS frame :: resource://gre/modules/AddonManager.jsm :: installBuiltinAddon :: line 2550\"  data: no]"
console.error: "Could not load engine ddg@search.mozilla.org: [Exception... \"AddonManager is not initialized\"  nsresult: \"0xc1f30001 (NS_ERROR_NOT_INITIALIZED)\"  location: \"JS frame :: resource://gre/modules/AddonManager.jsm :: installBuiltinAddon :: line 2550\"  data: no]"
console.warn: SearchService: "_init: abandoning init due to shutting down"
JavaScript error: , line 0: uncaught exception: 2147500036
JavaScript error: , line 0: uncaught exception: 2147500036
JavaScript error: , line 0: uncaught exception: 2147500036
JavaScript error: , line 0: uncaught exception: 2147500036
JavaScript error: , line 0: uncaught exception: 2147500036
JavaScript error: , line 0: uncaught exception: 2147500036
JavaScript error: , line 0: uncaught exception: 2147500036
JavaScript error: , line 0: AbortError: A request was aborted, for example through a call to IDBTransaction.abort.

###!!! [Parent][RunMessage] Error: Channel closing: too late to send/recv, messages will be lost

1608341534662	Marionette	INFO	Stopped listening on port 40099
1608341535901	Marionette	INFO	Stopped listening on port 38381
1608341536188	Marionette	INFO	Stopped listening on port 34263

###!!! [Parent][RunMessage] Error: Channel closing: too late to send/recv, messages will be lost

1608341536967	Marionette	INFO	Stopped listening on port 32777
JavaScript error: resource:///modules/EveryWindow.jsm, line 37: NS_ERROR_UNEXPECTED: Component returned failure code: 0x8000ffff (NS_ERROR_UNEXPECTED) [nsIWindowMediator.getEnumerator]
1608341577233	geckodriver	INFO	Listening on 127.0.0.1:60387
1608341577238	mozrunner::runner	INFO	Running command: "/usr/bin/firefox" "--marionette" "-foreground" "-no-remote" "-profile" "/tmp/rust_mozprofilei6FUrh"
console.warn: SearchSettings: "get: No settings file exists, new profile?" (new Error("", "(unknown module)"))
1608341581217	Marionette	INFO	Listening on port 34497
1608341581274	Marionette	WARN	TLS certificate errors will be ignored for this session
JavaScript error: resource://activity-stream/lib/ActivityStreamPrefs.jsm, line 27: NS_ERROR_ILLEGAL_VALUE: Component returned failure code: 0x80070057 (NS_ERROR_ILLEGAL_VALUE) [nsIPrefBranch.removeObserver]
JavaScript error: resource://activity-stream/lib/ASRouter.jsm, line 968: TypeError: this._storage is null
console.warn: services.settings: main/partitioning-exempt-urls sync interrupted by shutdown
console.log: "RemoteSettingsWorker error: Error: Can't import when we've started shutting down."
JavaScript error: resource://activity-stream/lib/PlacesFeed.jsm, line 198: NS_ERROR_UNEXPECTED: Component returned failure code: 0x8000ffff (NS_ERROR_UNEXPECTED) [nsINavHistoryService.addObserver]
JavaScript error: resource://gre/modules/ExtensionSettingsStore.jsm, line 122: Error: The ExtensionSettingsStore was accessed before the initialize promise resolved.
1608341585252	geckodriver	INFO	Listening on 127.0.0.1:34847
1608341585254	mozrunner::runner	INFO	Running command: "/usr/bin/firefox" "--marionette" "-foreground" "-no-remote" "-profile" "/tmp/rust_mozprofilek0EOWy"
console.warn: SearchSettings: "get: No settings file exists, new profile?" (new Error("", "(unknown module)"))
1608341589425	Marionette	INFO	Listening on port 43745
1608341589486	Marionette	WARN	TLS certificate errors will be ignored for this session
1608341594482	Marionette	INFO	Stopped listening on port 43745
JavaScript error: resource:///actors/ContentMetaChild.jsm, line 179: InvalidStateError: JSWindowActorChild.sendAsyncMessage: JSWindowActorChild cannot send at the moment

###!!! [Parent][RunMessage] Error: Channel closing: too late to send/recv, messages will be lost

1608341801451	geckodriver	INFO	Listening on 127.0.0.1:38647
1608341801459	mozrunner::runner	INFO	Running command: "/usr/bin/firefox" "--marionette" "-foreground" "-no-remote" "-profile" "/tmp/rust_mozprofileKGDtFB"
console.warn: SearchSettings: "get: No settings file exists, new profile?" (new Error("", "(unknown module)"))
1608341805601	Marionette	INFO	Listening on port 36419
1608341805693	Marionette	WARN	TLS certificate errors will be ignored for this session
1608341806656	Marionette	INFO	Stopped listening on port 36419
JavaScript error: resource://activity-stream/lib/ActivityStreamPrefs.jsm, line 27: NS_ERROR_ILLEGAL_VALUE: Component returned failure code: 0x80070057 (NS_ERROR_ILLEGAL_VALUE) [nsIPrefBranch.removeObserver]
JavaScript error: resource://activity-stream/lib/ASRouter.jsm, line 968: TypeError: this._storage is null
JavaScript error: resource://gre/modules/UrlClassifierListManager.jsm, line 691: TypeError: this.tablesData[table] is undefined
JavaScript error: resource:///actors/ContentMetaChild.jsm, line 179: InvalidStateError: JSWindowActorChild.sendAsyncMessage: JSWindowActorChild cannot send at the moment
console.log: "RemoteSettingsWorker error: Error: Can't import when we've started shutting down."
console.log: "RemoteSettingsWorker error: Error: Can't import when we've started shutting down."
console.log: "RemoteSettingsWorker error: Error: Can't import when we've started shutting down."
console.log: "RemoteSettingsWorker error: Error: Can't import when we've started shutting down."
console.error: "Could not load engine google@search.mozilla.org: [Exception... \"AddonManager is not initialized\"  nsresult: \"0xc1f30001 (NS_ERROR_NOT_INITIALIZED)\"  location: \"JS frame :: resource://gre/modules/AddonManager.jsm :: installBuiltinAddon :: line 2550\"  data: no]"
console.error: "Could not load engine amazondotcom@search.mozilla.org: [Exception... \"AddonManager is not initialized\"  nsresult: \"0xc1f30001 (NS_ERROR_NOT_INITIALIZED)\"  location: \"JS frame :: resource://gre/modules/AddonManager.jsm :: installBuiltinAddon :: line 2550\"  data: no]"
console.error: "Could not load engine wikipedia@search.mozilla.org: [Exception... \"AddonManager is not initialized\"  nsresult: \"0xc1f30001 (NS_ERROR_NOT_INITIALIZED)\"  location: \"JS frame :: resource://gre/modules/AddonManager.jsm :: installBuiltinAddon :: line 2550\"  data: no]"
console.error: "Could not load engine bing@search.mozilla.org: [Exception... \"AddonManager is not initialized\"  nsresult: \"0xc1f30001 (NS_ERROR_NOT_INITIALIZED)\"  location: \"JS frame :: resource://gre/modules/AddonManager.jsm :: installBuiltinAddon :: line 2550\"  data: no]"
console.error: "Could not load engine ddg@search.mozilla.org: [Exception... \"AddonManager is not initialized\"  nsresult: \"0xc1f30001 (NS_ERROR_NOT_INITIALIZED)\"  location: \"JS frame :: resource://gre/modules/AddonManager.jsm :: installBuiltinAddon :: line 2550\"  data: no]"
console.warn: SearchService: "_init: abandoning init due to shutting down"
JavaScript error: , line 0: uncaught exception: 2147500036
JavaScript error: , line 0: uncaught exception: 2147500036
JavaScript error: , line 0: uncaught exception: 2147500036
JavaScript error: , line 0: uncaught exception: 2147500036
JavaScript error: , line 0: uncaught exception: 2147500036
JavaScript error: , line 0: uncaught exception: 2147500036
JavaScript error: , line 0: uncaught exception: 2147500036
JavaScript error: , line 0: AbortError: A request was aborted, for example through a call to IDBTransaction.abort.
JavaScript error: , line 0: AbortError: A request was aborted, for example through a call to IDBTransaction.abort.

###!!! [Parent][RunMessage] Error: Channel closing: too late to send/recv, messages will be lost

JavaScript error: resource:///modules/EveryWindow.jsm, line 37: NS_ERROR_UNEXPECTED: Component returned failure code: 0x8000ffff (NS_ERROR_UNEXPECTED) [nsIWindowMediator.getEnumerator]
1608342033119	geckodriver	INFO	Listening on 127.0.0.1:35051
1608342033139	mozrunner::runner	INFO	Running command: "/usr/bin/firefox" "--marionette" "-foreground" "-no-remote" "-profile" "/tmp/rust_mozprofilecW8v1h"
console.warn: SearchSettings: "get: No settings file exists, new profile?" (new Error("", "(unknown module)"))
1608342036271	Marionette	INFO	Listening on port 41687
1608342036372	Marionette	WARN	TLS certificate errors will be ignored for this session
1608342044643	Marionette	INFO	Stopped listening on port 41687
JavaScript error: resource://activity-stream/lib/ASRouter.jsm, line 987: NS_ERROR_ILLEGAL_VALUE: Component returned failure code: 0x80070057 (NS_ERROR_ILLEGAL_VALUE) [nsIObserverService.removeObserver]

###!!! [Parent][RunMessage] Error: Channel closing: too late to send/recv, messages will be lost

1608342154169	geckodriver	INFO	Listening on 127.0.0.1:47403
1608342154189	mozrunner::runner	INFO	Running command: "/usr/bin/firefox" "--marionette" "-foreground" "-no-remote" "-profile" "/tmp/rust_mozprofileY2qOYQ"
console.warn: SearchSettings: "get: No settings file exists, new profile?" (new Error("", "(unknown module)"))
1608342157556	Marionette	INFO	Listening on port 37085
1608342157623	Marionette	WARN	TLS certificate errors will be ignored for this session
1608342165956	Marionette	INFO	Stopped listening on port 37085
JavaScript error: resource://activity-stream/lib/ASRouter.jsm, line 987: NS_ERROR_ILLEGAL_VALUE: Component returned failure code: 0x80070057 (NS_ERROR_ILLEGAL_VALUE) [nsIObserverService.removeObserver]
1608342226207	geckodriver	INFO	Listening on 127.0.0.1:57445
1608342226225	mozrunner::runner	INFO	Running command: "/usr/bin/firefox" "--marionette" "-foreground" "-no-remote" "-profile" "/tmp/rust_mozprofiledXaoYz"
console.warn: SearchSettings: "get: No settings file exists, new profile?" (new Error("", "(unknown module)"))
1608342229279	Marionette	INFO	Listening on port 45511
1608342229354	Marionette	WARN	TLS certificate errors will be ignored for this session
JavaScript error: https://www.oracle.com/asset/web/js/redwood-base.js, line 26: TypeError: $(...).bgimg is not a function
JavaScript error: , line 0: NotFoundError: No such JSWindowActor 'MarionetteEvents'
1608342237549	Marionette	INFO	Stopped listening on port 45511
JavaScript error: resource://activity-stream/lib/ASRouter.jsm, line 987: NS_ERROR_ILLEGAL_VALUE: Component returned failure code: 0x80070057 (NS_ERROR_ILLEGAL_VALUE) [nsIObserverService.removeObserver]

###!!! [Child][MessageChannel] Error: (msgtype=0x580018,name=PHal::Msg_UnlockScreenOrientation) Channel closing: too late to send/recv, messages will be lost


###!!! [Parent][RunMessage] Error: Channel closing: too late to send/recv, messages will be lost

1608342280353	geckodriver	INFO	Listening on 127.0.0.1:43905
1608342280383	mozrunner::runner	INFO	Running command: "/usr/bin/firefox" "--marionette" "-foreground" "-no-remote" "-profile" "/tmp/rust_mozprofilelo048G"
console.warn: SearchSettings: "get: No settings file exists, new profile?" (new Error("", "(unknown module)"))
1608342283898	Marionette	INFO	Listening on port 34299
1608342284013	Marionette	WARN	TLS certificate errors will be ignored for this session
JavaScript error: resource://activity-stream/lib/ASRouter.jsm, line 987: NS_ERROR_ILLEGAL_VALUE: Component returned failure code: 0x80070057 (NS_ERROR_ILLEGAL_VALUE) [nsIObserverService.removeObserver]
1608342310537	Marionette	INFO	Stopped listening on port 34299
1608342314629	geckodriver	INFO	Listening on 127.0.0.1:60877
1608342314654	mozrunner::runner	INFO	Running command: "/usr/bin/firefox" "--marionette" "-foreground" "-no-remote" "-profile" "/tmp/rust_mozprofileW5dh0Y"
console.warn: SearchSettings: "get: No settings file exists, new profile?" (new Error("", "(unknown module)"))
1608342317944	Marionette	INFO	Listening on port 36053
1608342317986	Marionette	WARN	TLS certificate errors will be ignored for this session
JavaScript error: resource://activity-stream/lib/ASRouter.jsm, line 987: NS_ERROR_ILLEGAL_VALUE: Component returned failure code: 0x80070057 (NS_ERROR_ILLEGAL_VALUE) [nsIObserverService.removeObserver]
1608342347832	Marionette	INFO	Stopped listening on port 36053
1608342365291	geckodriver	INFO	Listening on 127.0.0.1:39725
1608342365318	mozrunner::runner	INFO	Running command: "/usr/bin/firefox" "--marionette" "-foreground" "-no-remote" "-profile" "/tmp/rust_mozprofileXQmKVG"
console.warn: SearchSettings: "get: No settings file exists, new profile?" (new Error("", "(unknown module)"))
1608342368745	Marionette	INFO	Listening on port 45079
1608342368849	Marionette	WARN	TLS certificate errors will be ignored for this session
JavaScript error: resource://activity-stream/lib/ASRouter.jsm, line 987: NS_ERROR_ILLEGAL_VALUE: Component returned failure code: 0x80070057 (NS_ERROR_ILLEGAL_VALUE) [nsIObserverService.removeObserver]
1608342400468	Marionette	INFO	Stopped listening on port 45079
1608342402490	geckodriver	INFO	Listening on 127.0.0.1:52527
1608342402505	mozrunner::runner	INFO	Running command: "/usr/bin/firefox" "--marionette" "-foreground" "-no-remote" "-profile" "/tmp/rust_mozprofileNlMzZk"
console.warn: SearchSettings: "get: No settings file exists, new profile?" (new Error("", "(unknown module)"))
1608342405961	Marionette	INFO	Listening on port 40385
1608342406033	Marionette	WARN	TLS certificate errors will be ignored for this session
1608342413891	Marionette	INFO	Stopped listening on port 40385
JavaScript error: resource://activity-stream/lib/ASRouter.jsm, line 987: NS_ERROR_ILLEGAL_VALUE: Component returned failure code: 0x80070057 (NS_ERROR_ILLEGAL_VALUE) [nsIObserverService.removeObserver]
1608342474829	geckodriver	INFO	Listening on 127.0.0.1:59517
1608342474857	mozrunner::runner	INFO	Running command: "/usr/bin/firefox" "--marionette" "-foreground" "-no-remote" "-profile" "/tmp/rust_mozprofile4wzQwo"
console.warn: SearchSettings: "get: No settings file exists, new profile?" (new Error("", "(unknown module)"))
1608342478197	Marionette	INFO	Listening on port 35599
1608342478289	Marionette	WARN	TLS certificate errors will be ignored for this session
1608342478292	Marionette	INFO	Proxy settings initialised: {"proxyType":"manual","ftpProxy":"127.0.0.1:8080","httpProxy":"127.0.0.1:8080","sslProxy":"127.0.0.1:8080"}
JavaScript error: , line 0: TypeError: ServiceWorker script at https://www.oracle.com/akam-sw.js for scope https://www.oracle.com/ encountered an error during installation.
JavaScript error: https://www.oracle.com/java/, line 1295: ReferenceError: _satellite is not defined
JavaScript error: https://www.oracle.com/asset/web/js/redwood-lib.js, line 22: TypeError: i is undefined
JavaScript error: https://www.oracle.com/java/, line 1295: ReferenceError: _satellite is not defined
JavaScript error: , line 0: NotFoundError: No such JSWindowActor 'MarionetteEvents'
JavaScript error: https://www.oracle.com/java/ line 2 > injectedScript, line 2: ReferenceError: gtag is not defined
1608342527638	Marionette	INFO	Stopped listening on port 35599
JavaScript error: resource://activity-stream/lib/ASRouter.jsm, line 987: NS_ERROR_ILLEGAL_VALUE: Component returned failure code: 0x80070057 (NS_ERROR_ILLEGAL_VALUE) [nsIObserverService.removeObserver]

###!!! [Parent][RunMessage] Error: Channel closing: too late to send/recv, messages will be lost

1608342556734	geckodriver	INFO	Listening on 127.0.0.1:45617
1608342556753	mozrunner::runner	INFO	Running command: "/usr/bin/firefox" "--marionette" "-foreground" "-no-remote" "-profile" "/tmp/rust_mozprofile052MpI"
console.warn: SearchSettings: "get: No settings file exists, new profile?" (new Error("", "(unknown module)"))
1608342560059	Marionette	INFO	Listening on port 35475
1608342560085	Marionette	WARN	TLS certificate errors will be ignored for this session
1608342560089	Marionette	INFO	Proxy settings initialised: {"proxyType":"manual","ftpProxy":"127.0.0.1:8080","httpProxy":"127.0.0.1:8080","sslProxy":"127.0.0.1:8080"}
JavaScript error: , line 0: TypeError: ServiceWorker script at https://www.oracle.com/akam-sw.js for scope https://www.oracle.com/ encountered an error during installation.
1608342563496	Marionette	INFO	Stopped listening on port 35475
JavaScript error: resource://activity-stream/lib/ASRouter.jsm, line 987: NS_ERROR_ILLEGAL_VALUE: Component returned failure code: 0x80070057 (NS_ERROR_ILLEGAL_VALUE) [nsIObserverService.removeObserver]

###!!! [Parent][RunMessage] Error: Channel closing: too late to send/recv, messages will be lost

1608342635900	geckodriver	INFO	Listening on 127.0.0.1:52029
1608342635919	mozrunner::runner	INFO	Running command: "/usr/bin/firefox" "--marionette" "-foreground" "-no-remote" "-profile" "/tmp/rust_mozprofile3hDzPd"
console.warn: SearchSettings: "get: No settings file exists, new profile?" (new Error("", "(unknown module)"))
1608342639103	Marionette	INFO	Listening on port 41329
1608342639153	Marionette	WARN	TLS certificate errors will be ignored for this session
1608342639156	Marionette	INFO	Proxy settings initialised: {"proxyType":"manual","ftpProxy":"127.0.0.1:8080","httpProxy":"127.0.0.1:8080","sslProxy":"127.0.0.1:8080"}
JavaScript error: resource://activity-stream/lib/ASRouter.jsm, line 987: NS_ERROR_ILLEGAL_VALUE: Component returned failure code: 0x80070057 (NS_ERROR_ILLEGAL_VALUE) [nsIObserverService.removeObserver]
1608342666140	Marionette	INFO	Stopped listening on port 41329

###!!! [Parent][RunMessage] Error: Channel closing: too late to send/recv, messages will be lost

1608342684393	geckodriver	INFO	Listening on 127.0.0.1:51401
1608342684414	mozrunner::runner	INFO	Running command: "/usr/bin/firefox" "--marionette" "-foreground" "-no-remote" "-profile" "/tmp/rust_mozprofilehBwEAi"
console.warn: SearchSettings: "get: No settings file exists, new profile?" (new Error("", "(unknown module)"))
1608342687844	Marionette	INFO	Listening on port 37221
1608342687944	Marionette	WARN	TLS certificate errors will be ignored for this session
JavaScript error: https://platform.twitter.com/widgets/widget_iframe.96fd96193cc66c3e11d4c5e4c7c7ec97.html?origin=https%3A%2F%2Fwww.python.org, line 12: Error: Network error.
JavaScript error: https://platform.twitter.com/widgets/widget_iframe.96fd96193cc66c3e11d4c5e4c7c7ec97.html?origin=https%3A%2F%2Fwww.python.org, line 12: Error: Network error.
JavaScript error: https://platform.twitter.com/widgets/widget_iframe.96fd96193cc66c3e11d4c5e4c7c7ec97.html?origin=https%3A%2F%2Fwww.python.org, line 12: Error: Network error.
1608342693172	Marionette	INFO	Stopped listening on port 37221
JavaScript error: resource://activity-stream/lib/ASRouter.jsm, line 987: NS_ERROR_ILLEGAL_VALUE: Component returned failure code: 0x80070057 (NS_ERROR_ILLEGAL_VALUE) [nsIObserverService.removeObserver]
1608342710348	geckodriver	INFO	Listening on 127.0.0.1:43917
1608342710362	mozrunner::runner	INFO	Running command: "/usr/bin/firefox" "--marionette" "-foreground" "-no-remote" "-profile" "/tmp/rust_mozprofileGLS7WP"
console.warn: SearchSettings: "get: No settings file exists, new profile?" (new Error("", "(unknown module)"))
1608342713810	Marionette	INFO	Listening on port 46233
1608342713891	Marionette	WARN	TLS certificate errors will be ignored for this session
1608342713894	Marionette	INFO	Proxy settings initialised: {"proxyType":"manual","ftpProxy":"127.0.0.1:8080","httpProxy":"127.0.0.1:8080","sslProxy":"127.0.0.1:8080"}
JavaScript error: resource://gre/modules/XULStore.jsm, line 66: Error: Can't find profile directory.
JavaScript error: https://www.python.org/static/js/main-min.d5f95c9c5614.js, line 79: TypeError: r.masonry is not a function
JavaScript error: https://platform.twitter.com/widgets/widget_iframe.96fd96193cc66c3e11d4c5e4c7c7ec97.html?origin=https%3A%2F%2Fwww.python.org, line 12: Error: Network error.
JavaScript error: https://platform.twitter.com/widgets/widget_iframe.96fd96193cc66c3e11d4c5e4c7c7ec97.html?origin=https%3A%2F%2Fwww.python.org, line 12: Error: Network error.
JavaScript error: https://www.python.org/static/js/main-min.d5f95c9c5614.js, line 79: TypeError: r.masonry is not a function
1608342722934	Marionette	INFO	Stopped listening on port 46233
JavaScript error: resource://activity-stream/lib/ASRouter.jsm, line 987: NS_ERROR_ILLEGAL_VALUE: Component returned failure code: 0x80070057 (NS_ERROR_ILLEGAL_VALUE) [nsIObserverService.removeObserver]

###!!! [Child][RunMessage] Error: Channel closing: too late to send/recv, messages will be lost


###!!! [Parent][RunMessage] Error: Channel closing: too late to send/recv, messages will be lost

1608342795598	geckodriver	INFO	Listening on 127.0.0.1:51947
1608342795629	mozrunner::runner	INFO	Running command: "/usr/bin/firefox" "--marionette" "-foreground" "-no-remote" "-profile" "/tmp/rust_mozprofileBhE9KB"
console.warn: SearchSettings: "get: No settings file exists, new profile?" (new Error("", "(unknown module)"))
1608342798873	Marionette	INFO	Listening on port 46043
1608342798957	Marionette	WARN	TLS certificate errors will be ignored for this session
1608342798961	Marionette	INFO	Proxy settings initialised: {"proxyType":"manual","ftpProxy":"127.0.0.1:8080","httpProxy":"127.0.0.1:8080","sslProxy":"127.0.0.1:8080"}
JavaScript error: resource://activity-stream/lib/ASRouter.jsm, line 987: NS_ERROR_ILLEGAL_VALUE: Component returned failure code: 0x80070057 (NS_ERROR_ILLEGAL_VALUE) [nsIObserverService.removeObserver]
1608342803609	Marionette	INFO	Stopped listening on port 46043
1608342811575	geckodriver	INFO	Listening on 127.0.0.1:55043
1608342811593	mozrunner::runner	INFO	Running command: "/usr/bin/firefox" "--marionette" "-foreground" "-no-remote" "-profile" "/tmp/rust_mozprofileB8w0B4"
console.warn: SearchSettings: "get: No settings file exists, new profile?" (new Error("", "(unknown module)"))
1608342815043	Marionette	INFO	Listening on port 43685
1608342815124	Marionette	WARN	TLS certificate errors will be ignored for this session
1608342819444	Marionette	INFO	Stopped listening on port 43685
JavaScript error: resource://activity-stream/lib/ASRouter.jsm, line 987: NS_ERROR_ILLEGAL_VALUE: Component returned failure code: 0x80070057 (NS_ERROR_ILLEGAL_VALUE) [nsIObserverService.removeObserver]

###!!! [Child][RunMessage] Error: Channel closing: too late to send/recv, messages will be lost


###!!! [Child][RunMessage] Error: Channel closing: too late to send/recv, messages will be lost

1608342835128	geckodriver	INFO	Listening on 127.0.0.1:55225
1608342835135	mozrunner::runner	INFO	Running command: "/usr/bin/firefox" "--marionette" "-foreground" "-no-remote" "-profile" "/tmp/rust_mozprofileMmcSSe"
console.warn: SearchSettings: "get: No settings file exists, new profile?" (new Error("", "(unknown module)"))
1608342838445	Marionette	INFO	Listening on port 42111
1608342838565	Marionette	WARN	TLS certificate errors will be ignored for this session
1608342838568	Marionette	INFO	Proxy settings initialised: {"proxyType":"manual","ftpProxy":"127.0.0.1:8080","httpProxy":"127.0.0.1:8080","sslProxy":"127.0.0.1:8080"}
JavaScript error: https://cdn.sstatic.net/Js/stub.en.js?v=95d1ce093683, line 1: ReferenceError: $ is not defined
JavaScript error: https://stackoverflow.com/questions/28431765/open-web-in-new-tab-selenium-python, line 43: TypeError: StackExchange.ready is not a function
JavaScript error: https://cdn.sstatic.net/Js/stub.en.js?v=95d1ce093683, line 1: ReferenceError: $ is not defined
JavaScript error: https://stackoverflow.com/questions/28431765/open-web-in-new-tab-selenium-python, line 318: TypeError: StackExchange.ready is not a function
JavaScript error: https://stackoverflow.com/questions/28431765/open-web-in-new-tab-selenium-python, line 2832: TypeError: StackExchange.ifUsing is not a function
JavaScript error: https://stackoverflow.com/questions/28431765/open-web-in-new-tab-selenium-python, line 2843: TypeError: StackExchange.ready is not a function
JavaScript error: https://stackoverflow.com/questions/28431765/open-web-in-new-tab-selenium-python, line 2940: TypeError: StackExchange.ready is not a function
JavaScript error: https://stackoverflow.com/questions/28431765/open-web-in-new-tab-selenium-python, line 2985: TypeError: StackExchange.ready is not a function
JavaScript error: https://stackoverflow.com/questions/28431765/open-web-in-new-tab-selenium-python, line 3411: TypeError: StackExchange.ready is not a function
JavaScript error: https://stackoverflow.com/questions/28431765/open-web-in-new-tab-selenium-python, line 3433: TypeError: StackExchange.ready is not a function
JavaScript error: https://stackoverflow.com/questions/28431765/open-web-in-new-tab-selenium-python, line 3675: TypeError: StackExchange.ready is not a function
JavaScript error: https://stackoverflow.com/questions/28431765/open-web-in-new-tab-selenium-python, line 3688: TypeError: StackExchange.ready is not a function
1608342853859	Marionette	INFO	Stopped listening on port 42111
JavaScript error: resource://activity-stream/lib/ASRouter.jsm, line 987: NS_ERROR_ILLEGAL_VALUE: Component returned failure code: 0x80070057 (NS_ERROR_ILLEGAL_VALUE) [nsIObserverService.removeObserver]
1608342859947	geckodriver	INFO	Listening on 127.0.0.1:49999
1608342859966	mozrunner::runner	INFO	Running command: "/usr/bin/firefox" "--marionette" "-foreground" "-no-remote" "-profile" "/tmp/rust_mozprofile6iVjnT"
console.warn: SearchSettings: "get: No settings file exists, new profile?" (new Error("", "(unknown module)"))
1608342863154	Marionette	INFO	Listening on port 44847
1608342863201	Marionette	WARN	TLS certificate errors will be ignored for this session
1608342863204	Marionette	INFO	Proxy settings initialised: {"proxyType":"manual","ftpProxy":"127.0.0.1:8080","httpProxy":"127.0.0.1:8080","sslProxy":"127.0.0.1:8080"}
JavaScript error: https://cdn.sstatic.net/Js/stub.en.js?v=95d1ce093683, line 1: ReferenceError: $ is not defined
JavaScript error: https://stackoverflow.com/questions/28431765/open-web-in-new-tab-selenium-python, line 43: TypeError: StackExchange.ready is not a function
JavaScript error: https://cdn.sstatic.net/Js/stub.en.js?v=95d1ce093683, line 1: ReferenceError: $ is not defined
JavaScript error: https://stackoverflow.com/questions/28431765/open-web-in-new-tab-selenium-python, line 318: TypeError: StackExchange.ready is not a function
JavaScript error: https://stackoverflow.com/questions/28431765/open-web-in-new-tab-selenium-python, line 2832: TypeError: StackExchange.ifUsing is not a function
JavaScript error: https://stackoverflow.com/questions/28431765/open-web-in-new-tab-selenium-python, line 2843: TypeError: StackExchange.ready is not a function
JavaScript error: https://stackoverflow.com/questions/28431765/open-web-in-new-tab-selenium-python, line 2940: TypeError: StackExchange.ready is not a function
JavaScript error: https://stackoverflow.com/questions/28431765/open-web-in-new-tab-selenium-python, line 2985: TypeError: StackExchange.ready is not a function
JavaScript error: https://stackoverflow.com/questions/28431765/open-web-in-new-tab-selenium-python, line 3411: TypeError: StackExchange.ready is not a function
JavaScript error: https://stackoverflow.com/questions/28431765/open-web-in-new-tab-selenium-python, line 3433: TypeError: StackExchange.ready is not a function
JavaScript error: https://stackoverflow.com/questions/28431765/open-web-in-new-tab-selenium-python, line 3675: TypeError: StackExchange.ready is not a function
JavaScript error: https://stackoverflow.com/questions/28431765/open-web-in-new-tab-selenium-python, line 3688: TypeError: StackExchange.ready is not a function
1608342882336	Marionette	INFO	Stopped listening on port 44847
JavaScript error: resource://activity-stream/lib/ASRouter.jsm, line 987: NS_ERROR_ILLEGAL_VALUE: Component returned failure code: 0x80070057 (NS_ERROR_ILLEGAL_VALUE) [nsIObserverService.removeObserver]

###!!! [Parent][RunMessage] Error: Channel closing: too late to send/recv, messages will be lost

1608343009307	geckodriver	INFO	Listening on 127.0.0.1:34475
1608343009330	mozrunner::runner	INFO	Running command: "/usr/bin/firefox" "--marionette" "-foreground" "-no-remote" "-profile" "/tmp/rust_mozprofileRrwZnw"
console.warn: SearchSettings: "get: No settings file exists, new profile?" (new Error("", "(unknown module)"))
1608343012659	Marionette	INFO	Listening on port 46353
1608343012772	Marionette	WARN	TLS certificate errors will be ignored for this session
1608343016455	Marionette	WARN	Ignoring event 'DOMContentLoaded' because document has an invalid readyState of 'complete'.
1608343024200	Marionette	INFO	Stopped listening on port 46353
JavaScript error: resource://activity-stream/lib/ASRouter.jsm, line 987: NS_ERROR_ILLEGAL_VALUE: Component returned failure code: 0x80070057 (NS_ERROR_ILLEGAL_VALUE) [nsIObserverService.removeObserver]
JavaScript error: /_/gstore/_/js/k=gstore.gs.en_US.ValmjhfpT0A.O/d=1/ct=zgms/rs=AF2QpWzO3EMvoOLLaNLUXY27AqP0k-FQ9w/m=base,main_app, line 2265: NS_ERROR_NOT_INITIALIZED: 
1608343054389	geckodriver	INFO	Listening on 127.0.0.1:48333
1608343054403	mozrunner::runner	INFO	Running command: "/usr/bin/firefox" "--marionette" "-foreground" "-no-remote" "-profile" "/tmp/rust_mozprofile19YAsr"
console.warn: SearchSettings: "get: No settings file exists, new profile?" (new Error("", "(unknown module)"))
1608343057739	Marionette	INFO	Listening on port 44943
1608343057837	Marionette	WARN	TLS certificate errors will be ignored for this session
1608343057840	Marionette	INFO	Proxy settings initialised: {"proxyType":"manual","ftpProxy":"127.0.0.1:8080","httpProxy":"127.0.0.1:8080","sslProxy":"127.0.0.1:8080"}
1608343072388	Marionette	INFO	Stopped listening on port 44943
JavaScript error: resource://activity-stream/lib/ASRouter.jsm, line 987: NS_ERROR_ILLEGAL_VALUE: Component returned failure code: 0x80070057 (NS_ERROR_ILLEGAL_VALUE) [nsIObserverService.removeObserver]
1608343332742	geckodriver	INFO	Listening on 127.0.0.1:54979
1608343332759	mozrunner::runner	INFO	Running command: "/usr/bin/firefox" "--marionette" "-foreground" "-no-remote" "-profile" "/tmp/rust_mozprofileszcaXQ"
console.warn: SearchSettings: "get: No settings file exists, new profile?" (new Error("", "(unknown module)"))
1608343335812	Marionette	INFO	Listening on port 39733
1608343335888	Marionette	WARN	TLS certificate errors will be ignored for this session
1608343340363	Marionette	INFO	Stopped listening on port 39733
JavaScript error: resource://activity-stream/lib/ASRouter.jsm, line 987: NS_ERROR_ILLEGAL_VALUE: Component returned failure code: 0x80070057 (NS_ERROR_ILLEGAL_VALUE) [nsIObserverService.removeObserver]

###!!! [Parent][RunMessage] Error: Channel closing: too late to send/recv, messages will be lost

1608343373776	geckodriver	INFO	Listening on 127.0.0.1:46701
1608343373790	mozrunner::runner	INFO	Running command: "/usr/bin/firefox" "--marionette" "-foreground" "-no-remote" "-profile" "/tmp/rust_mozprofile0rmzM4"
console.warn: SearchSettings: "get: No settings file exists, new profile?" (new Error("", "(unknown module)"))
1608343377000	Marionette	INFO	Listening on port 43129
1608343377124	Marionette	WARN	TLS certificate errors will be ignored for this session
1608343377128	Marionette	INFO	Proxy settings initialised: {"proxyType":"manual","ftpProxy":"127.0.0.1:8080","httpProxy":"127.0.0.1:8080","sslProxy":"127.0.0.1:8080"}
1608343423952	Marionette	INFO	Stopped listening on port 43129
JavaScript error: resource://activity-stream/lib/ASRouter.jsm, line 987: NS_ERROR_ILLEGAL_VALUE: Component returned failure code: 0x80070057 (NS_ERROR_ILLEGAL_VALUE) [nsIObserverService.removeObserver]
1608343567133	geckodriver	INFO	Listening on 127.0.0.1:34063
1608343567157	mozrunner::runner	INFO	Running command: "/usr/bin/firefox" "--marionette" "-foreground" "-no-remote" "-profile" "/tmp/rust_mozprofileeC5GZq"
console.warn: SearchSettings: "get: No settings file exists, new profile?" (new Error("", "(unknown module)"))
1608343570543	Marionette	INFO	Listening on port 39651
1608343570587	Marionette	WARN	TLS certificate errors will be ignored for this session
1608343571095	Marionette	INFO	Stopped listening on port 39651
JavaScript error: resource://activity-stream/lib/ActivityStreamPrefs.jsm, line 27: NS_ERROR_ILLEGAL_VALUE: Component returned failure code: 0x80070057 (NS_ERROR_ILLEGAL_VALUE) [nsIPrefBranch.removeObserver]
JavaScript error: resource://activity-stream/lib/ASRouter.jsm, line 968: TypeError: this._storage is null
JavaScript error: resource://gre/modules/UrlClassifierListManager.jsm, line 691: TypeError: this.tablesData[table] is undefined
console.log: "RemoteSettingsWorker error: Error: Can't import when we've started shutting down."
console.log: "RemoteSettingsWorker error: Error: Can't import when we've started shutting down."
console.log: "RemoteSettingsWorker error: Error: Can't import when we've started shutting down."
console.log: "RemoteSettingsWorker error: Error: Can't import when we've started shutting down."
console.error: "Could not load engine google@search.mozilla.org: [Exception... \"AddonManager is not initialized\"  nsresult: \"0xc1f30001 (NS_ERROR_NOT_INITIALIZED)\"  location: \"JS frame :: resource://gre/modules/AddonManager.jsm :: installBuiltinAddon :: line 2550\"  data: no]"
console.error: "Could not load engine amazondotcom@search.mozilla.org: [Exception... \"AddonManager is not initialized\"  nsresult: \"0xc1f30001 (NS_ERROR_NOT_INITIALIZED)\"  location: \"JS frame :: resource://gre/modules/AddonManager.jsm :: installBuiltinAddon :: line 2550\"  data: no]"
console.error: "Could not load engine wikipedia@search.mozilla.org: [Exception... \"AddonManager is not initialized\"  nsresult: \"0xc1f30001 (NS_ERROR_NOT_INITIALIZED)\"  location: \"JS frame :: resource://gre/modules/AddonManager.jsm :: installBuiltinAddon :: line 2550\"  data: no]"
console.error: "Could not load engine bing@search.mozilla.org: [Exception... \"AddonManager is not initialized\"  nsresult: \"0xc1f30001 (NS_ERROR_NOT_INITIALIZED)\"  location: \"JS frame :: resource://gre/modules/AddonManager.jsm :: installBuiltinAddon :: line 2550\"  data: no]"
console.error: "Could not load engine ddg@search.mozilla.org: [Exception... \"AddonManager is not initialized\"  nsresult: \"0xc1f30001 (NS_ERROR_NOT_INITIALIZED)\"  location: \"JS frame :: resource://gre/modules/AddonManager.jsm :: installBuiltinAddon :: line 2550\"  data: no]"
console.warn: SearchService: "_init: abandoning init due to shutting down"
JavaScript error: resource://gre/modules/AsyncShutdown.jsm, line 573: uncaught exception: 2147500036
JavaScript error: resource://gre/modules/AsyncShutdown.jsm, line 573: uncaught exception: 2147500036
JavaScript error: resource://gre/modules/AsyncShutdown.jsm, line 573: uncaught exception: 2147500036
JavaScript error: resource://gre/modules/AsyncShutdown.jsm, line 573: uncaught exception: 2147500036
JavaScript error: resource://gre/modules/AsyncShutdown.jsm, line 573: uncaught exception: 2147500036
JavaScript error: resource://gre/modules/AsyncShutdown.jsm, line 573: uncaught exception: 2147500036
JavaScript error: resource://gre/modules/AsyncShutdown.jsm, line 573: uncaught exception: 2147500036
JavaScript error: resource://gre/modules/AsyncShutdown.jsm, line 573: uncaught exception: 2147500036
JavaScript error: resource://gre/modules/AsyncShutdown.jsm, line 573: uncaught exception: 2147500036
JavaScript error: resource://gre/modules/AsyncShutdown.jsm, line 573: uncaught exception: 2147500036
JavaScript error: resource://gre/modules/AsyncShutdown.jsm, line 573: uncaught exception: 2147500036
console.error: PushService: 
  stateChangeProcessEnqueue: Error transitioning state
  AbortError
console.error: PushService: 
  clearOriginData: Error clearing origin data:
  AbortError

###!!! [Parent][RunMessage] Error: Channel closing: too late to send/recv, messages will be lost

1608343590031	geckodriver	INFO	Listening on 127.0.0.1:57645
1608343590052	mozrunner::runner	INFO	Running command: "/usr/bin/firefox" "--marionette" "-foreground" "-no-remote" "-profile" "/tmp/rust_mozprofileBaTCG5"
console.warn: SearchSettings: "get: No settings file exists, new profile?" (new Error("", "(unknown module)"))
1608343593262	Marionette	INFO	Listening on port 46401
1608343593384	Marionette	WARN	TLS certificate errors will be ignored for this session
1608343593840	Marionette	INFO	Stopped listening on port 46401
JavaScript error: resource://activity-stream/lib/ActivityStreamPrefs.jsm, line 27: NS_ERROR_ILLEGAL_VALUE: Component returned failure code: 0x80070057 (NS_ERROR_ILLEGAL_VALUE) [nsIPrefBranch.removeObserver]
JavaScript error: resource://activity-stream/lib/ASRouter.jsm, line 968: TypeError: this._storage is null
JavaScript error: resource://gre/modules/UrlClassifierListManager.jsm, line 691: TypeError: this.tablesData[table] is undefined
console.log: "RemoteSettingsWorker error: Error: Can't import when we've started shutting down."
console.log: "RemoteSettingsWorker error: Error: Can't import when we've started shutting down."
console.log: "RemoteSettingsWorker error: Error: Can't import when we've started shutting down."
console.log: "RemoteSettingsWorker error: Error: Can't import when we've started shutting down."
console.error: "Could not load engine google@search.mozilla.org: [Exception... \"AddonManager is not initialized\"  nsresult: \"0xc1f30001 (NS_ERROR_NOT_INITIALIZED)\"  location: \"JS frame :: resource://gre/modules/AddonManager.jsm :: installBuiltinAddon :: line 2550\"  data: no]"
console.error: "Could not load engine amazondotcom@search.mozilla.org: [Exception... \"AddonManager is not initialized\"  nsresult: \"0xc1f30001 (NS_ERROR_NOT_INITIALIZED)\"  location: \"JS frame :: resource://gre/modules/AddonManager.jsm :: installBuiltinAddon :: line 2550\"  data: no]"
console.error: "Could not load engine wikipedia@search.mozilla.org: [Exception... \"AddonManager is not initialized\"  nsresult: \"0xc1f30001 (NS_ERROR_NOT_INITIALIZED)\"  location: \"JS frame :: resource://gre/modules/AddonManager.jsm :: installBuiltinAddon :: line 2550\"  data: no]"
console.error: "Could not load engine bing@search.mozilla.org: [Exception... \"AddonManager is not initialized\"  nsresult: \"0xc1f30001 (NS_ERROR_NOT_INITIALIZED)\"  location: \"JS frame :: resource://gre/modules/AddonManager.jsm :: installBuiltinAddon :: line 2550\"  data: no]"
console.error: "Could not load engine ddg@search.mozilla.org: [Exception... \"AddonManager is not initialized\"  nsresult: \"0xc1f30001 (NS_ERROR_NOT_INITIALIZED)\"  location: \"JS frame :: resource://gre/modules/AddonManager.jsm :: installBuiltinAddon :: line 2550\"  data: no]"
console.warn: SearchService: "_init: abandoning init due to shutting down"
JavaScript error: resource://gre/modules/AsyncShutdown.jsm, line 573: uncaught exception: 2147500036
JavaScript error: resource://gre/modules/AsyncShutdown.jsm, line 573: uncaught exception: 2147500036
JavaScript error: resource://gre/modules/AsyncShutdown.jsm, line 573: uncaught exception: 2147500036
JavaScript error: resource://gre/modules/AsyncShutdown.jsm, line 573: uncaught exception: 2147500036
JavaScript error: resource://gre/modules/AsyncShutdown.jsm, line 573: uncaught exception: 2147500036
JavaScript error: resource://gre/modules/AsyncShutdown.jsm, line 573: uncaught exception: 2147500036
JavaScript error: resource://gre/modules/AsyncShutdown.jsm, line 573: uncaught exception: 2147500036
JavaScript error: resource://gre/modules/AsyncShutdown.jsm, line 573: uncaught exception: 2147500036
JavaScript error: resource://gre/modules/AsyncShutdown.jsm, line 573: uncaught exception: 2147500036
JavaScript error: resource://gre/modules/AsyncShutdown.jsm, line 573: uncaught exception: 2147500036
JavaScript error: resource://gre/modules/AsyncShutdown.jsm, line 573: uncaught exception: 2147500036

###!!! [Parent][RunMessage] Error: Channel closing: too late to send/recv, messages will be lost

1608343642810	geckodriver	INFO	Listening on 127.0.0.1:43437
1608343642829	mozrunner::runner	INFO	Running command: "/usr/bin/firefox" "--marionette" "-foreground" "-no-remote" "-profile" "/tmp/rust_mozprofile09B2oq"
console.warn: SearchSettings: "get: No settings file exists, new profile?" (new Error("", "(unknown module)"))
1608343646148	Marionette	INFO	Listening on port 33969
1608343646258	Marionette	WARN	TLS certificate errors will be ignored for this session
1608343646921	Marionette	INFO	Stopped listening on port 33969
JavaScript error: resource://activity-stream/lib/ASRouter.jsm, line 968: TypeError: this._storage is null
JavaScript error: resource://gre/modules/UrlClassifierListManager.jsm, line 691: TypeError: this.tablesData[table] is undefined
console.error: (new Error("Connection closed before committing the transaction.", "resource://gre/modules/Sqlite.jsm", 688))
console.log: "RemoteSettingsWorker error: Error: Can't import when we've started shutting down."
console.log: "RemoteSettingsWorker error: Error: Can't import when we've started shutting down."
console.log: "RemoteSettingsWorker error: Error: Can't import when we've started shutting down."
console.log: "RemoteSettingsWorker error: Error: Can't import when we've started shutting down."
console.error: "Could not load engine google@search.mozilla.org: [Exception... \"AddonManager is not initialized\"  nsresult: \"0xc1f30001 (NS_ERROR_NOT_INITIALIZED)\"  location: \"JS frame :: resource://gre/modules/AddonManager.jsm :: installBuiltinAddon :: line 2550\"  data: no]"
console.error: "Could not load engine amazondotcom@search.mozilla.org: [Exception... \"AddonManager is not initialized\"  nsresult: \"0xc1f30001 (NS_ERROR_NOT_INITIALIZED)\"  location: \"JS frame :: resource://gre/modules/AddonManager.jsm :: installBuiltinAddon :: line 2550\"  data: no]"
console.error: "Could not load engine wikipedia@search.mozilla.org: [Exception... \"AddonManager is not initialized\"  nsresult: \"0xc1f30001 (NS_ERROR_NOT_INITIALIZED)\"  location: \"JS frame :: resource://gre/modules/AddonManager.jsm :: installBuiltinAddon :: line 2550\"  data: no]"
console.error: "Could not load engine bing@search.mozilla.org: [Exception... \"AddonManager is not initialized\"  nsresult: \"0xc1f30001 (NS_ERROR_NOT_INITIALIZED)\"  location: \"JS frame :: resource://gre/modules/AddonManager.jsm :: installBuiltinAddon :: line 2550\"  data: no]"
console.error: "Could not load engine ddg@search.mozilla.org: [Exception... \"AddonManager is not initialized\"  nsresult: \"0xc1f30001 (NS_ERROR_NOT_INITIALIZED)\"  location: \"JS frame :: resource://gre/modules/AddonManager.jsm :: installBuiltinAddon :: line 2550\"  data: no]"
console.warn: SearchService: "_init: abandoning init due to shutting down"
JavaScript error: , line 0: uncaught exception: 2147500036
JavaScript error: , line 0: uncaught exception: 2147500036
JavaScript error: , line 0: uncaught exception: 2147500036
JavaScript error: , line 0: uncaught exception: 2147500036
JavaScript error: , line 0: uncaught exception: 2147500036
JavaScript error: , line 0: uncaught exception: 2147500036
JavaScript error: , line 0: uncaught exception: 2147500036
JavaScript error: , line 0: uncaught exception: 2147500036
JavaScript error: , line 0: uncaught exception: 2147500036
JavaScript error: , line 0: uncaught exception: 2147500036
JavaScript error: , line 0: uncaught exception: 2147500036
console.error: PushService: 
  stateChangeProcessEnqueue: Error transitioning state
  AbortError
console.error: PushService: 
  clearOriginData: Error clearing origin data:
  AbortError

###!!! [Parent][RunMessage] Error: Channel closing: too late to send/recv, messages will be lost

1608343696924	geckodriver	INFO	Listening on 127.0.0.1:33375
1608343696939	mozrunner::runner	INFO	Running command: "/usr/bin/firefox" "--marionette" "-foreground" "-no-remote" "-profile" "/tmp/rust_mozprofilegxmBCN"
console.warn: SearchSettings: "get: No settings file exists, new profile?" (new Error("", "(unknown module)"))
1608343699989	Marionette	INFO	Listening on port 41713
1608343700068	Marionette	WARN	TLS certificate errors will be ignored for this session
1608343700071	Marionette	INFO	Proxy settings initialised: {"proxyType":"manual","ftpProxy":"127.0.0.1:8080","httpProxy":"127.0.0.1:8080","sslProxy":"127.0.0.1:8080"}
1608343700863	Marionette	INFO	Stopped listening on port 41713
JavaScript error: resource://activity-stream/lib/ASRouter.jsm, line 968: TypeError: this._storage is null
console.log: "RemoteSettingsWorker error: Error: Can't import when we've started shutting down."
console.log: "RemoteSettingsWorker error: Error: Can't import when we've started shutting down."
console.log: "RemoteSettingsWorker error: Error: Can't import when we've started shutting down."
console.log: "RemoteSettingsWorker error: Error: Can't import when we've started shutting down."
console.error: "Could not load engine google@search.mozilla.org: [Exception... \"AddonManager is not initialized\"  nsresult: \"0xc1f30001 (NS_ERROR_NOT_INITIALIZED)\"  location: \"JS frame :: resource://gre/modules/AddonManager.jsm :: installBuiltinAddon :: line 2550\"  data: no]"
console.error: "Could not load engine amazondotcom@search.mozilla.org: [Exception... \"AddonManager is not initialized\"  nsresult: \"0xc1f30001 (NS_ERROR_NOT_INITIALIZED)\"  location: \"JS frame :: resource://gre/modules/AddonManager.jsm :: installBuiltinAddon :: line 2550\"  data: no]"
console.error: "Could not load engine wikipedia@search.mozilla.org: [Exception... \"AddonManager is not initialized\"  nsresult: \"0xc1f30001 (NS_ERROR_NOT_INITIALIZED)\"  location: \"JS frame :: resource://gre/modules/AddonManager.jsm :: installBuiltinAddon :: line 2550\"  data: no]"
console.error: "Could not load engine bing@search.mozilla.org: [Exception... \"AddonManager is not initialized\"  nsresult: \"0xc1f30001 (NS_ERROR_NOT_INITIALIZED)\"  location: \"JS frame :: resource://gre/modules/AddonManager.jsm :: installBuiltinAddon :: line 2550\"  data: no]"
console.error: "Could not load engine ddg@search.mozilla.org: [Exception... \"AddonManager is not initialized\"  nsresult: \"0xc1f30001 (NS_ERROR_NOT_INITIALIZED)\"  location: \"JS frame :: resource://gre/modules/AddonManager.jsm :: installBuiltinAddon :: line 2550\"  data: no]"
console.warn: SearchService: "_init: abandoning init due to shutting down"
JavaScript error: resource://gre/modules/AsyncShutdown.jsm, line 573: uncaught exception: 2147500036
JavaScript error: resource://gre/modules/AsyncShutdown.jsm, line 573: uncaught exception: 2147500036
JavaScript error: resource://gre/modules/AsyncShutdown.jsm, line 573: uncaught exception: 2147500036
JavaScript error: resource://gre/modules/AsyncShutdown.jsm, line 573: uncaught exception: 2147500036
JavaScript error: resource://gre/modules/AsyncShutdown.jsm, line 573: uncaught exception: 2147500036
JavaScript error: resource://gre/modules/AsyncShutdown.jsm, line 573: uncaught exception: 2147500036
JavaScript error: resource://gre/modules/AsyncShutdown.jsm, line 573: uncaught exception: 2147500036
JavaScript error: resource://gre/modules/AsyncShutdown.jsm, line 573: uncaught exception: 2147500036
JavaScript error: resource://gre/modules/AsyncShutdown.jsm, line 573: uncaught exception: 2147500036
JavaScript error: resource://gre/modules/AsyncShutdown.jsm, line 573: uncaught exception: 2147500036
JavaScript error: resource://gre/modules/AsyncShutdown.jsm, line 573: uncaught exception: 2147500036

###!!! [Parent][RunMessage] Error: Channel closing: too late to send/recv, messages will be lost

1608343771451	geckodriver	INFO	Listening on 127.0.0.1:59733
1608343771468	mozrunner::runner	INFO	Running command: "/usr/bin/firefox" "--marionette" "-foreground" "-no-remote" "-profile" "/tmp/rust_mozprofileLtXHH2"
console.warn: SearchSettings: "get: No settings file exists, new profile?" (new Error("", "(unknown module)"))
1608343774882	Marionette	INFO	Listening on port 38623
1608343775001	Marionette	WARN	TLS certificate errors will be ignored for this session
1608343775655	Marionette	INFO	Stopped listening on port 38623
JavaScript error: resource://activity-stream/lib/ASRouter.jsm, line 968: TypeError: this._storage is null
JavaScript error: resource://gre/modules/UrlClassifierListManager.jsm, line 691: TypeError: this.tablesData[table] is undefined
console.error: "Could not load engine google@search.mozilla.org: [Exception... \"AddonManager is not initialized\"  nsresult: \"0xc1f30001 (NS_ERROR_NOT_INITIALIZED)\"  location: \"JS frame :: resource://gre/modules/AddonManager.jsm :: installBuiltinAddon :: line 2550\"  data: no]"
console.error: "Could not load engine amazondotcom@search.mozilla.org: [Exception... \"AddonManager is not initialized\"  nsresult: \"0xc1f30001 (NS_ERROR_NOT_INITIALIZED)\"  location: \"JS frame :: resource://gre/modules/AddonManager.jsm :: installBuiltinAddon :: line 2550\"  data: no]"
console.error: "Could not load engine wikipedia@search.mozilla.org: [Exception... \"AddonManager is not initialized\"  nsresult: \"0xc1f30001 (NS_ERROR_NOT_INITIALIZED)\"  location: \"JS frame :: resource://gre/modules/AddonManager.jsm :: installBuiltinAddon :: line 2550\"  data: no]"
console.error: "Could not load engine bing@search.mozilla.org: [Exception... \"AddonManager is not initialized\"  nsresult: \"0xc1f30001 (NS_ERROR_NOT_INITIALIZED)\"  location: \"JS frame :: resource://gre/modules/AddonManager.jsm :: installBuiltinAddon :: line 2550\"  data: no]"
console.error: "Could not load engine ddg@search.mozilla.org: [Exception... \"AddonManager is not initialized\"  nsresult: \"0xc1f30001 (NS_ERROR_NOT_INITIALIZED)\"  location: \"JS frame :: resource://gre/modules/AddonManager.jsm :: installBuiltinAddon :: line 2550\"  data: no]"
console.warn: SearchService: "_init: abandoning init due to shutting down"
JavaScript error: resource://gre/modules/AsyncShutdown.jsm, line 573: uncaught exception: 2147500036
JavaScript error: resource://gre/modules/AsyncShutdown.jsm, line 573: uncaught exception: 2147500036
JavaScript error: resource://gre/modules/AsyncShutdown.jsm, line 573: uncaught exception: 2147500036
JavaScript error: resource://gre/modules/AsyncShutdown.jsm, line 573: uncaught exception: 2147500036
JavaScript error: resource://gre/modules/AsyncShutdown.jsm, line 573: uncaught exception: 2147500036
JavaScript error: resource://gre/modules/AsyncShutdown.jsm, line 573: uncaught exception: 2147500036
JavaScript error: resource://gre/modules/AsyncShutdown.jsm, line 573: uncaught exception: 2147500036
JavaScript error: resource://gre/modules/AsyncShutdown.jsm, line 573: uncaught exception: 2147500036
JavaScript error: resource://gre/modules/AsyncShutdown.jsm, line 573: uncaught exception: 2147500036
JavaScript error: resource://gre/modules/AsyncShutdown.jsm, line 573: uncaught exception: 2147500036
JavaScript error: resource://gre/modules/AsyncShutdown.jsm, line 573: uncaught exception: 2147500036

###!!! [Parent][RunMessage] Error: Channel closing: too late to send/recv, messages will be lost

1608343796140	geckodriver	INFO	Listening on 127.0.0.1:60569
1608343796157	mozrunner::runner	INFO	Running command: "/usr/bin/firefox" "--marionette" "-foreground" "-no-remote" "-profile" "/tmp/rust_mozprofileZmnORG"
console.warn: SearchSettings: "get: No settings file exists, new profile?" (new Error("", "(unknown module)"))
1608343799538	Marionette	INFO	Listening on port 32981
1608343799587	Marionette	WARN	TLS certificate errors will be ignored for this session
1608343799791	Marionette	INFO	Stopped listening on port 32981
JavaScript error: resource://activity-stream/lib/ActivityStreamPrefs.jsm, line 27: NS_ERROR_ILLEGAL_VALUE: Component returned failure code: 0x80070057 (NS_ERROR_ILLEGAL_VALUE) [nsIPrefBranch.removeObserver]
JavaScript error: resource://activity-stream/lib/ASRouter.jsm, line 968: TypeError: this._storage is null
console.warn: services.settings: main/partitioning-exempt-urls sync interrupted by shutdown
JavaScript error: resource://gre/modules/ExtensionSettingsStore.jsm, line 122: Error: The ExtensionSettingsStore was accessed before the initialize promise resolved.
console.log: "RemoteSettingsWorker error: Error: Can't import when we've started shutting down."
console.log: "RemoteSettingsWorker error: Error: Can't import when we've started shutting down."
console.log: "RemoteSettingsWorker error: Error: Can't import when we've started shutting down."
console.log: "RemoteSettingsWorker error: Error: Can't import when we've started shutting down."
console.error: "Could not load engine google@search.mozilla.org: [Exception... \"AddonManager is not initialized\"  nsresult: \"0xc1f30001 (NS_ERROR_NOT_INITIALIZED)\"  location: \"JS frame :: resource://gre/modules/AddonManager.jsm :: installBuiltinAddon :: line 2550\"  data: no]"
console.error: "Could not load engine amazondotcom@search.mozilla.org: [Exception... \"AddonManager is not initialized\"  nsresult: \"0xc1f30001 (NS_ERROR_NOT_INITIALIZED)\"  location: \"JS frame :: resource://gre/modules/AddonManager.jsm :: installBuiltinAddon :: line 2550\"  data: no]"
console.error: "Could not load engine wikipedia@search.mozilla.org: [Exception... \"AddonManager is not initialized\"  nsresult: \"0xc1f30001 (NS_ERROR_NOT_INITIALIZED)\"  location: \"JS frame :: resource://gre/modules/AddonManager.jsm :: installBuiltinAddon :: line 2550\"  data: no]"
console.error: "Could not load engine bing@search.mozilla.org: [Exception... \"AddonManager is not initialized\"  nsresult: \"0xc1f30001 (NS_ERROR_NOT_INITIALIZED)\"  location: \"JS frame :: resource://gre/modules/AddonManager.jsm :: installBuiltinAddon :: line 2550\"  data: no]"
console.error: "Could not load engine ddg@search.mozilla.org: [Exception... \"AddonManager is not initialized\"  nsresult: \"0xc1f30001 (NS_ERROR_NOT_INITIALIZED)\"  location: \"JS frame :: resource://gre/modules/AddonManager.jsm :: installBuiltinAddon :: line 2550\"  data: no]"
console.warn: SearchService: "_init: abandoning init due to shutting down"
JavaScript error: , line 0: uncaught exception: 2147500036
JavaScript error: , line 0: uncaught exception: 2147500036
JavaScript error: , line 0: uncaught exception: 2147500036
JavaScript error: , line 0: uncaught exception: 2147500036
JavaScript error: , line 0: uncaught exception: 2147500036
JavaScript error: , line 0: uncaught exception: 2147500036
JavaScript error: , line 0: uncaught exception: 2147500036
console.error: PushService: 
  stateChangeProcessEnqueue: Error transitioning state
  AbortError
console.error: PushService: 
  clearOriginData: Error clearing origin data:
  AbortError

###!!! [Parent][RunMessage] Error: Channel closing: too late to send/recv, messages will be lost

1608343811500	geckodriver	INFO	Listening on 127.0.0.1:58533
1608343811529	mozrunner::runner	INFO	Running command: "/usr/bin/firefox" "--marionette" "-foreground" "-no-remote" "-profile" "/tmp/rust_mozprofileyzo188"
console.warn: SearchSettings: "get: No settings file exists, new profile?" (new Error("", "(unknown module)"))
1608343814643	Marionette	INFO	Listening on port 33269
1608343814762	Marionette	WARN	TLS certificate errors will be ignored for this session
1608343815431	Marionette	INFO	Stopped listening on port 33269
JavaScript error: resource://activity-stream/lib/ASRouter.jsm, line 968: TypeError: this._storage is null
JavaScript error: resource://gre/modules/UrlClassifierListManager.jsm, line 691: TypeError: this.tablesData[table] is undefined
console.error: (new Error("Connection closed before committing the transaction.", "resource://gre/modules/Sqlite.jsm", 688))
console.log: "RemoteSettingsWorker error: Error: Can't import when we've started shutting down."
console.log: "RemoteSettingsWorker error: Error: Can't import when we've started shutting down."
console.log: "RemoteSettingsWorker error: Error: Can't import when we've started shutting down."
console.log: "RemoteSettingsWorker error: Error: Can't import when we've started shutting down."
console.error: "Could not load engine google@search.mozilla.org: [Exception... \"AddonManager is not initialized\"  nsresult: \"0xc1f30001 (NS_ERROR_NOT_INITIALIZED)\"  location: \"JS frame :: resource://gre/modules/AddonManager.jsm :: installBuiltinAddon :: line 2550\"  data: no]"
console.error: "Could not load engine amazondotcom@search.mozilla.org: [Exception... \"AddonManager is not initialized\"  nsresult: \"0xc1f30001 (NS_ERROR_NOT_INITIALIZED)\"  location: \"JS frame :: resource://gre/modules/AddonManager.jsm :: installBuiltinAddon :: line 2550\"  data: no]"
console.error: "Could not load engine wikipedia@search.mozilla.org: [Exception... \"AddonManager is not initialized\"  nsresult: \"0xc1f30001 (NS_ERROR_NOT_INITIALIZED)\"  location: \"JS frame :: resource://gre/modules/AddonManager.jsm :: installBuiltinAddon :: line 2550\"  data: no]"
console.error: "Could not load engine bing@search.mozilla.org: [Exception... \"AddonManager is not initialized\"  nsresult: \"0xc1f30001 (NS_ERROR_NOT_INITIALIZED)\"  location: \"JS frame :: resource://gre/modules/AddonManager.jsm :: installBuiltinAddon :: line 2550\"  data: no]"
console.error: "Could not load engine ddg@search.mozilla.org: [Exception... \"AddonManager is not initialized\"  nsresult: \"0xc1f30001 (NS_ERROR_NOT_INITIALIZED)\"  location: \"JS frame :: resource://gre/modules/AddonManager.jsm :: installBuiltinAddon :: line 2550\"  data: no]"
console.warn: SearchService: "_init: abandoning init due to shutting down"
JavaScript error: , line 0: uncaught exception: 2147500036
JavaScript error: , line 0: uncaught exception: 2147500036
JavaScript error: , line 0: uncaught exception: 2147500036
JavaScript error: , line 0: uncaught exception: 2147500036
JavaScript error: , line 0: uncaught exception: 2147500036
JavaScript error: , line 0: uncaught exception: 2147500036
JavaScript error: , line 0: uncaught exception: 2147500036
JavaScript error: , line 0: uncaught exception: 2147500036
JavaScript error: , line 0: uncaught exception: 2147500036
JavaScript error: , line 0: uncaught exception: 2147500036
JavaScript error: , line 0: uncaught exception: 2147500036
JavaScript error: , line 0: uncaught exception: 2147500036
console.error: PushService: 
  stateChangeProcessEnqueue: Error transitioning state
  AbortError
console.error: PushService: 
  clearOriginData: Error clearing origin data:
  AbortError

###!!! [Parent][RunMessage] Error: Channel closing: too late to send/recv, messages will be lost

JavaScript error: resource://gre/modules/osfile/osfile_async_front.jsm, line 426: Error: OS.File has been shut down. Rejecting post to stat
ExceptionHandler::GenerateDump cloned child ExceptionHandler::WaitForContinueSignal waiting for continue signal...
144650
ExceptionHandler::SendContinueSignalToChild sent continue signal to child
